2022-09-29 10:10:59,173:INFO:PyCaret Supervised Module
2022-09-29 10:10:59,327:INFO:ML Usecase: classification
2022-09-29 10:10:59,327:INFO:version 2.3.10
2022-09-29 10:10:59,328:INFO:Initializing setup()
2022-09-29 10:10:59,328:INFO:setup(target=Survived, ml_usecase=classification, available_plots={'parameter': 'Hyperparameters', 'auc': 'AUC', 'confusion_matrix': 'Confusion Matrix', 'threshold': 'Threshold', 'pr': 'Precision Recall', 'error': 'Prediction Error', 'class_report': 'Class Report', 'rfe': 'Feature Selection', 'learning': 'Learning Curve', 'manifold': 'Manifold Learning', 'calibration': 'Calibration Curve', 'vc': 'Validation Curve', 'dimension': 'Dimensions', 'feature': 'Feature Importance', 'feature_all': 'Feature Importance (All)', 'boundary': 'Decision Boundary', 'lift': 'Lift Chart', 'gain': 'Gain Chart', 'tree': 'Decision Tree', 'ks': 'KS Statistic Plot'}, train_size=0.7, test_data=None, preprocess=True, imputation_type=simple, iterative_imputation_iters=5, categorical_features=None, categorical_imputation=constant, categorical_iterative_imputer=lightgbm, ordinal_features=None, high_cardinality_features=None, high_cardinality_method=frequency, numeric_features=None, numeric_imputation=mean, numeric_iterative_imputer=lightgbm, date_features=None, ignore_features=None, normalize=False, normalize_method=zscore, transformation=False, transformation_method=yeo-johnson, handle_unknown_categorical=True, unknown_categorical_method=least_frequent, pca=False, pca_method=linear, pca_components=None, ignore_low_variance=False, combine_rare_levels=False, rare_level_threshold=0.1, bin_numeric_features=None, remove_outliers=False, outliers_threshold=0.05, remove_multicollinearity=True, multicollinearity_threshold=0.9, remove_perfect_collinearity=True, create_clusters=False, cluster_iter=20, polynomial_features=False, polynomial_degree=2, trigonometry_features=False, polynomial_threshold=0.1, group_features=None, group_names=None, feature_selection=False, feature_selection_threshold=0.8, feature_selection_method=classic, feature_interaction=False, feature_ratio=False, interaction_threshold=0.01, fix_imbalance=False, fix_imbalance_method=None, transform_target=False, transform_target_method=box-cox, data_split_shuffle=True, data_split_stratify=False, fold_strategy=stratifiedkfold, fold=10, fold_shuffle=False, fold_groups=None, n_jobs=-1, use_gpu=False, custom_pipeline=None, html=True, session_id=2022, log_experiment=False, experiment_name=None, experiment_custom_tags=None, log_plots=False, log_profile=False, log_data=False, silent=False, verbose=True, profile=False, profile_kwargs=None, display=None)
2022-09-29 10:10:59,332:INFO:Checking environment
2022-09-29 10:10:59,335:INFO:python_version: 3.8.13
2022-09-29 10:10:59,336:INFO:python_build: ('default', 'Mar 28 2022 06:59:08')
2022-09-29 10:10:59,336:INFO:machine: AMD64
2022-09-29 10:10:59,337:INFO:platform: Windows-10-10.0.22621-SP0
2022-09-29 10:10:59,337:INFO:Memory: svmem(total=8319787008, available=1235607552, percent=85.1, used=7084179456, free=1235607552)
2022-09-29 10:10:59,337:INFO:Physical Core: 2
2022-09-29 10:10:59,338:INFO:Logical Core: 4
2022-09-29 10:10:59,338:INFO:Checking libraries
2022-09-29 10:10:59,338:INFO:pd==1.4.4
2022-09-29 10:10:59,371:INFO:numpy==1.19.5
2022-09-29 10:10:59,372:INFO:sklearn==0.23.2
2022-09-29 10:10:59,372:INFO:lightgbm==3.3.2
2022-09-29 10:10:59,375:WARNING:catboost not found
2022-09-29 10:10:59,684:INFO:xgboost==1.6.2
2022-09-29 10:10:59,685:INFO:mlflow==1.29.0
2022-09-29 10:10:59,688:INFO:Checking Exceptions
2022-09-29 10:10:59,688:INFO:Declaring global variables
2022-09-29 10:10:59,689:INFO:USI: e9b0
2022-09-29 10:10:59,690:INFO:pycaret_globals: {'exp_name_log', 'prep_pipe', 'master_model_container', 'n_jobs_param', 'X_test', 'fold_generator', 'X_train', 'create_model_container', 'fold_shuffle_param', 'transform_target_method_param', 'transform_target_param', 'fix_imbalance_method_param', 'fold_param', 'pycaret_globals', 'USI', 'fix_imbalance_param', 'y_train', 'dashboard_logger', '_internal_pipeline', 'data_before_preprocess', 'seed', 'logging_param', 'iterative_imputation_iters_param', 'stratify_param', '_all_models', 'target_param', 'html_param', 'X', '_all_metrics', 'y', '_available_plots', '_ml_usecase', 'gpu_param', 'imputation_classifier', 'fold_groups_param_full', 'y_test', 'imputation_regressor', 'experiment__', 'log_plots_param', 'fold_groups_param', '_all_models_internal', 'display_container', '_gpu_n_jobs_param'}
2022-09-29 10:10:59,690:INFO:Preparing display monitor
2022-09-29 10:10:59,691:INFO:Preparing display monitor
2022-09-29 10:10:59,741:INFO:Importing libraries
2022-09-29 10:10:59,762:INFO:Copying data for preprocessing
2022-09-29 10:10:59,783:INFO:Declaring preprocessing parameters
2022-09-29 10:10:59,790:INFO:Creating preprocessing pipeline
2022-09-29 10:10:59,793:INFO:Preprocessing pipeline created successfully
2022-09-29 10:10:59,793:ERROR:(Process Exit): setup has been interupted with user command 'quit'. setup must rerun.
2022-09-29 10:10:59,794:INFO:Creating global containers
2022-09-29 10:10:59,802:INFO:Internal pipeline: Pipeline(memory=None, steps=[('empty_step', 'passthrough')], verbose=False)
2022-09-29 10:11:03,982:WARNING:Couldn't import catboost.CatBoostClassifier
2022-09-29 10:11:04,142:WARNING:Couldn't import catboost.CatBoostClassifier
2022-09-29 10:11:04,143:INFO:Creating grid variables
2022-09-29 10:11:04,161:INFO:create_model_container: 0
2022-09-29 10:11:04,162:INFO:master_model_container: 0
2022-09-29 10:11:04,162:INFO:display_container: 1
2022-09-29 10:11:04,175:INFO:Pipeline(memory=None,
         steps=[('dtypes',
                 DataTypes_Auto_infer(categorical_features=[],
                                      display_types=True, features_todrop=[],
                                      id_columns=[],
                                      ml_usecase='classification',
                                      numerical_features=[], target='Survived',
                                      time_features=[])),
                ('imputer',
                 Simple_Imputer(categorical_strategy='not_available',
                                fill_value_categorical=None,
                                fill_value_numerical=None,
                                numeric_str...
                ('dummy', Dummify(target='Survived')),
                ('fix_perfect', Remove_100(target='Survived')),
                ('clean_names', Clean_Colum_Names()),
                ('feature_select', 'passthrough'),
                ('fix_multi',
                 Fix_multicollinearity(correlation_with_target_preference=None,
                                       correlation_with_target_threshold=0.0,
                                       target_variable='Survived',
                                       threshold=0.9)),
                ('dfs', 'passthrough'), ('pca', 'passthrough')],
         verbose=False)
2022-09-29 10:11:04,179:INFO:setup() succesfully completed......................................
2022-09-29 10:11:04,401:INFO:Initializing compare_models()
2022-09-29 10:11:04,402:INFO:compare_models(include=None, fold=None, round=4, cross_validation=True, sort=Accuracy, n_select=1, budget_time=None, turbo=True, errors=ignore, fit_kwargs=None, groups=None, experiment_custom_tags=None, probability_threshold=None, verbose=True, display=None, exclude=None)
2022-09-29 10:11:04,404:INFO:Checking exceptions
2022-09-29 10:11:04,422:INFO:Preparing display monitor
2022-09-29 10:11:04,422:INFO:Preparing display monitor
2022-09-29 10:11:04,477:INFO:Initializing Logistic Regression
2022-09-29 10:11:04,489:INFO:Total runtime is 0.0002000252405802409 minutes
2022-09-29 10:11:04,517:INFO:SubProcess create_model() called ==================================
2022-09-29 10:11:04,521:INFO:Initializing create_model()
2022-09-29 10:11:04,521:INFO:create_model(estimator=lr, fold=StratifiedKFold(n_splits=10, random_state=None, shuffle=False), round=4, cross_validation=True, predict=True, fit_kwargs={}, groups=None, refit=False, verbose=False, system=False, metrics=None, experiment_custom_tags=None, add_to_model_list=True, probability_threshold=None, display=<pycaret.internal.Display.Display object at 0x000001CBCFABCB80>, return_train_score=False, kwargs={})
2022-09-29 10:11:04,521:INFO:Checking exceptions
2022-09-29 10:11:04,523:INFO:Importing libraries
2022-09-29 10:11:04,523:INFO:Copying training dataset
2022-09-29 10:11:04,525:INFO:Defining folds
2022-09-29 10:11:04,532:INFO:Declaring metric variables
2022-09-29 10:11:04,553:INFO:Importing untrained model
2022-09-29 10:11:04,570:INFO:Logistic Regression Imported succesfully
2022-09-29 10:11:04,609:INFO:Starting cross validation
2022-09-29 10:11:04,610:INFO:Cross validating with StratifiedKFold(n_splits=10, random_state=None, shuffle=False), n_jobs=-1
2022-09-29 10:11:16,209:INFO:Calculating mean and std
2022-09-29 10:11:16,212:INFO:Creating metrics dataframe
2022-09-29 10:11:16,224:INFO:Uploading results into container
2022-09-29 10:11:16,224:INFO:Uploading model into container now
2022-09-29 10:11:16,225:INFO:create_model_container: 1
2022-09-29 10:11:16,225:INFO:master_model_container: 1
2022-09-29 10:11:16,227:INFO:display_container: 2
2022-09-29 10:11:16,228:INFO:LogisticRegression(C=1.0, class_weight=None, dual=False, fit_intercept=True,
                   intercept_scaling=1, l1_ratio=None, max_iter=1000,
                   multi_class='auto', n_jobs=None, penalty='l2',
                   random_state=2022, solver='lbfgs', tol=0.0001, verbose=0,
                   warm_start=False)
2022-09-29 10:11:16,228:INFO:create_model() succesfully completed......................................
2022-09-29 10:11:16,349:INFO:SubProcess create_model() end ==================================
2022-09-29 10:11:16,349:INFO:Creating metrics dataframe
2022-09-29 10:11:16,359:INFO:Initializing K Neighbors Classifier
2022-09-29 10:11:16,359:INFO:Total runtime is 0.19804013172785442 minutes
2022-09-29 10:11:16,373:INFO:SubProcess create_model() called ==================================
2022-09-29 10:11:16,375:INFO:Initializing create_model()
2022-09-29 10:11:16,376:INFO:create_model(estimator=knn, fold=StratifiedKFold(n_splits=10, random_state=None, shuffle=False), round=4, cross_validation=True, predict=True, fit_kwargs={}, groups=None, refit=False, verbose=False, system=False, metrics=None, experiment_custom_tags=None, add_to_model_list=True, probability_threshold=None, display=<pycaret.internal.Display.Display object at 0x000001CBCFABCB80>, return_train_score=False, kwargs={})
2022-09-29 10:11:16,376:INFO:Checking exceptions
2022-09-29 10:11:16,377:INFO:Importing libraries
2022-09-29 10:11:16,377:INFO:Copying training dataset
2022-09-29 10:11:16,377:INFO:Defining folds
2022-09-29 10:11:16,378:INFO:Declaring metric variables
2022-09-29 10:11:16,397:INFO:Importing untrained model
2022-09-29 10:11:16,416:INFO:K Neighbors Classifier Imported succesfully
2022-09-29 10:11:16,449:INFO:Starting cross validation
2022-09-29 10:11:16,452:INFO:Cross validating with StratifiedKFold(n_splits=10, random_state=None, shuffle=False), n_jobs=-1
2022-09-29 10:11:16,640:INFO:Calculating mean and std
2022-09-29 10:11:16,641:INFO:Creating metrics dataframe
2022-09-29 10:11:16,647:INFO:Uploading results into container
2022-09-29 10:11:16,647:INFO:Uploading model into container now
2022-09-29 10:11:16,647:INFO:create_model_container: 2
2022-09-29 10:11:16,649:INFO:master_model_container: 2
2022-09-29 10:11:16,650:INFO:display_container: 2
2022-09-29 10:11:16,651:INFO:KNeighborsClassifier(algorithm='auto', leaf_size=30, metric='minkowski',
                     metric_params=None, n_jobs=-1, n_neighbors=5, p=2,
                     weights='uniform')
2022-09-29 10:11:16,651:INFO:create_model() succesfully completed......................................
2022-09-29 10:11:16,757:INFO:SubProcess create_model() end ==================================
2022-09-29 10:11:16,757:INFO:Creating metrics dataframe
2022-09-29 10:11:16,776:INFO:Initializing Naive Bayes
2022-09-29 10:11:16,776:INFO:Total runtime is 0.20498967965443932 minutes
2022-09-29 10:11:16,794:INFO:SubProcess create_model() called ==================================
2022-09-29 10:11:16,798:INFO:Initializing create_model()
2022-09-29 10:11:16,800:INFO:create_model(estimator=nb, fold=StratifiedKFold(n_splits=10, random_state=None, shuffle=False), round=4, cross_validation=True, predict=True, fit_kwargs={}, groups=None, refit=False, verbose=False, system=False, metrics=None, experiment_custom_tags=None, add_to_model_list=True, probability_threshold=None, display=<pycaret.internal.Display.Display object at 0x000001CBCFABCB80>, return_train_score=False, kwargs={})
2022-09-29 10:11:16,800:INFO:Checking exceptions
2022-09-29 10:11:16,800:INFO:Importing libraries
2022-09-29 10:11:16,801:INFO:Copying training dataset
2022-09-29 10:11:16,803:INFO:Defining folds
2022-09-29 10:11:16,803:INFO:Declaring metric variables
2022-09-29 10:11:16,820:INFO:Importing untrained model
2022-09-29 10:11:16,842:INFO:Naive Bayes Imported succesfully
2022-09-29 10:11:16,883:INFO:Starting cross validation
2022-09-29 10:11:16,885:INFO:Cross validating with StratifiedKFold(n_splits=10, random_state=None, shuffle=False), n_jobs=-1
2022-09-29 10:11:16,966:INFO:Calculating mean and std
2022-09-29 10:11:16,967:INFO:Creating metrics dataframe
2022-09-29 10:11:16,977:INFO:Uploading results into container
2022-09-29 10:11:16,977:INFO:Uploading model into container now
2022-09-29 10:11:16,977:INFO:create_model_container: 3
2022-09-29 10:11:16,978:INFO:master_model_container: 3
2022-09-29 10:11:16,979:INFO:display_container: 2
2022-09-29 10:11:16,980:INFO:GaussianNB(priors=None, var_smoothing=1e-09)
2022-09-29 10:11:16,981:INFO:create_model() succesfully completed......................................
2022-09-29 10:11:17,084:INFO:SubProcess create_model() end ==================================
2022-09-29 10:11:17,085:INFO:Creating metrics dataframe
2022-09-29 10:11:17,097:INFO:Initializing Decision Tree Classifier
2022-09-29 10:11:17,097:INFO:Total runtime is 0.2103391766548157 minutes
2022-09-29 10:11:17,107:INFO:SubProcess create_model() called ==================================
2022-09-29 10:11:17,111:INFO:Initializing create_model()
2022-09-29 10:11:17,111:INFO:create_model(estimator=dt, fold=StratifiedKFold(n_splits=10, random_state=None, shuffle=False), round=4, cross_validation=True, predict=True, fit_kwargs={}, groups=None, refit=False, verbose=False, system=False, metrics=None, experiment_custom_tags=None, add_to_model_list=True, probability_threshold=None, display=<pycaret.internal.Display.Display object at 0x000001CBCFABCB80>, return_train_score=False, kwargs={})
2022-09-29 10:11:17,111:INFO:Checking exceptions
2022-09-29 10:11:17,112:INFO:Importing libraries
2022-09-29 10:11:17,113:INFO:Copying training dataset
2022-09-29 10:11:17,115:INFO:Defining folds
2022-09-29 10:11:17,116:INFO:Declaring metric variables
2022-09-29 10:11:17,131:INFO:Importing untrained model
2022-09-29 10:11:17,156:INFO:Decision Tree Classifier Imported succesfully
2022-09-29 10:11:17,185:INFO:Starting cross validation
2022-09-29 10:11:17,186:INFO:Cross validating with StratifiedKFold(n_splits=10, random_state=None, shuffle=False), n_jobs=-1
2022-09-29 10:11:17,274:INFO:Calculating mean and std
2022-09-29 10:11:17,275:INFO:Creating metrics dataframe
2022-09-29 10:11:17,286:INFO:Uploading results into container
2022-09-29 10:11:17,286:INFO:Uploading model into container now
2022-09-29 10:11:17,287:INFO:create_model_container: 4
2022-09-29 10:11:17,287:INFO:master_model_container: 4
2022-09-29 10:11:17,287:INFO:display_container: 2
2022-09-29 10:11:17,288:INFO:DecisionTreeClassifier(ccp_alpha=0.0, class_weight=None, criterion='gini',
                       max_depth=None, max_features=None, max_leaf_nodes=None,
                       min_impurity_decrease=0.0, min_impurity_split=None,
                       min_samples_leaf=1, min_samples_split=2,
                       min_weight_fraction_leaf=0.0, presort='deprecated',
                       random_state=2022, splitter='best')
2022-09-29 10:11:17,288:INFO:create_model() succesfully completed......................................
2022-09-29 10:11:17,388:INFO:SubProcess create_model() end ==================================
2022-09-29 10:11:17,388:INFO:Creating metrics dataframe
2022-09-29 10:11:17,401:INFO:Initializing SVM - Linear Kernel
2022-09-29 10:11:17,401:INFO:Total runtime is 0.21541576385498049 minutes
2022-09-29 10:11:17,412:INFO:SubProcess create_model() called ==================================
2022-09-29 10:11:17,418:INFO:Initializing create_model()
2022-09-29 10:11:17,418:INFO:create_model(estimator=svm, fold=StratifiedKFold(n_splits=10, random_state=None, shuffle=False), round=4, cross_validation=True, predict=True, fit_kwargs={}, groups=None, refit=False, verbose=False, system=False, metrics=None, experiment_custom_tags=None, add_to_model_list=True, probability_threshold=None, display=<pycaret.internal.Display.Display object at 0x000001CBCFABCB80>, return_train_score=False, kwargs={})
2022-09-29 10:11:17,418:INFO:Checking exceptions
2022-09-29 10:11:17,419:INFO:Importing libraries
2022-09-29 10:11:17,419:INFO:Copying training dataset
2022-09-29 10:11:17,420:INFO:Defining folds
2022-09-29 10:11:17,421:INFO:Declaring metric variables
2022-09-29 10:11:17,432:INFO:Importing untrained model
2022-09-29 10:11:17,450:INFO:SVM - Linear Kernel Imported succesfully
2022-09-29 10:11:17,486:INFO:Starting cross validation
2022-09-29 10:11:17,488:INFO:Cross validating with StratifiedKFold(n_splits=10, random_state=None, shuffle=False), n_jobs=-1
2022-09-29 10:11:17,570:INFO:Calculating mean and std
2022-09-29 10:11:17,573:INFO:Creating metrics dataframe
2022-09-29 10:11:17,587:INFO:Uploading results into container
2022-09-29 10:11:17,589:INFO:Uploading model into container now
2022-09-29 10:11:17,590:INFO:create_model_container: 5
2022-09-29 10:11:17,590:INFO:master_model_container: 5
2022-09-29 10:11:17,590:INFO:display_container: 2
2022-09-29 10:11:17,592:INFO:SGDClassifier(alpha=0.0001, average=False, class_weight=None,
              early_stopping=False, epsilon=0.1, eta0=0.001, fit_intercept=True,
              l1_ratio=0.15, learning_rate='optimal', loss='hinge',
              max_iter=1000, n_iter_no_change=5, n_jobs=-1, penalty='l2',
              power_t=0.5, random_state=2022, shuffle=True, tol=0.001,
              validation_fraction=0.1, verbose=0, warm_start=False)
2022-09-29 10:11:17,592:INFO:create_model() succesfully completed......................................
2022-09-29 10:11:17,693:INFO:SubProcess create_model() end ==================================
2022-09-29 10:11:17,693:INFO:Creating metrics dataframe
2022-09-29 10:11:17,714:INFO:Initializing Ridge Classifier
2022-09-29 10:11:17,716:INFO:Total runtime is 0.22065213123957317 minutes
2022-09-29 10:11:17,732:INFO:SubProcess create_model() called ==================================
2022-09-29 10:11:17,733:INFO:Initializing create_model()
2022-09-29 10:11:17,734:INFO:create_model(estimator=ridge, fold=StratifiedKFold(n_splits=10, random_state=None, shuffle=False), round=4, cross_validation=True, predict=True, fit_kwargs={}, groups=None, refit=False, verbose=False, system=False, metrics=None, experiment_custom_tags=None, add_to_model_list=True, probability_threshold=None, display=<pycaret.internal.Display.Display object at 0x000001CBCFABCB80>, return_train_score=False, kwargs={})
2022-09-29 10:11:17,735:INFO:Checking exceptions
2022-09-29 10:11:17,737:INFO:Importing libraries
2022-09-29 10:11:17,738:INFO:Copying training dataset
2022-09-29 10:11:17,741:INFO:Defining folds
2022-09-29 10:11:17,741:INFO:Declaring metric variables
2022-09-29 10:11:17,764:INFO:Importing untrained model
2022-09-29 10:11:17,787:INFO:Ridge Classifier Imported succesfully
2022-09-29 10:11:17,826:INFO:Starting cross validation
2022-09-29 10:11:17,835:INFO:Cross validating with StratifiedKFold(n_splits=10, random_state=None, shuffle=False), n_jobs=-1
2022-09-29 10:11:17,904:INFO:Calculating mean and std
2022-09-29 10:11:17,907:INFO:Creating metrics dataframe
2022-09-29 10:11:17,917:INFO:Uploading results into container
2022-09-29 10:11:17,918:INFO:Uploading model into container now
2022-09-29 10:11:17,918:INFO:create_model_container: 6
2022-09-29 10:11:17,918:INFO:master_model_container: 6
2022-09-29 10:11:17,920:INFO:display_container: 2
2022-09-29 10:11:17,921:INFO:RidgeClassifier(alpha=1.0, class_weight=None, copy_X=True, fit_intercept=True,
                max_iter=None, normalize=False, random_state=2022,
                solver='auto', tol=0.001)
2022-09-29 10:11:17,921:INFO:create_model() succesfully completed......................................
2022-09-29 10:11:18,036:INFO:SubProcess create_model() end ==================================
2022-09-29 10:11:18,036:INFO:Creating metrics dataframe
2022-09-29 10:11:18,050:INFO:Initializing Random Forest Classifier
2022-09-29 10:11:18,051:INFO:Total runtime is 0.2262383580207825 minutes
2022-09-29 10:11:18,061:INFO:SubProcess create_model() called ==================================
2022-09-29 10:11:18,066:INFO:Initializing create_model()
2022-09-29 10:11:18,067:INFO:create_model(estimator=rf, fold=StratifiedKFold(n_splits=10, random_state=None, shuffle=False), round=4, cross_validation=True, predict=True, fit_kwargs={}, groups=None, refit=False, verbose=False, system=False, metrics=None, experiment_custom_tags=None, add_to_model_list=True, probability_threshold=None, display=<pycaret.internal.Display.Display object at 0x000001CBCFABCB80>, return_train_score=False, kwargs={})
2022-09-29 10:11:18,067:INFO:Checking exceptions
2022-09-29 10:11:18,069:INFO:Importing libraries
2022-09-29 10:11:18,069:INFO:Copying training dataset
2022-09-29 10:11:18,071:INFO:Defining folds
2022-09-29 10:11:18,071:INFO:Declaring metric variables
2022-09-29 10:11:18,086:INFO:Importing untrained model
2022-09-29 10:11:18,103:INFO:Random Forest Classifier Imported succesfully
2022-09-29 10:11:18,139:INFO:Starting cross validation
2022-09-29 10:11:18,140:INFO:Cross validating with StratifiedKFold(n_splits=10, random_state=None, shuffle=False), n_jobs=-1
2022-09-29 10:11:19,527:INFO:Calculating mean and std
2022-09-29 10:11:19,527:INFO:Creating metrics dataframe
2022-09-29 10:11:19,534:INFO:Uploading results into container
2022-09-29 10:11:19,534:INFO:Uploading model into container now
2022-09-29 10:11:19,534:INFO:create_model_container: 7
2022-09-29 10:11:19,534:INFO:master_model_container: 7
2022-09-29 10:11:19,536:INFO:display_container: 2
2022-09-29 10:11:19,536:INFO:RandomForestClassifier(bootstrap=True, ccp_alpha=0.0, class_weight=None,
                       criterion='gini', max_depth=None, max_features='auto',
                       max_leaf_nodes=None, max_samples=None,
                       min_impurity_decrease=0.0, min_impurity_split=None,
                       min_samples_leaf=1, min_samples_split=2,
                       min_weight_fraction_leaf=0.0, n_estimators=100,
                       n_jobs=-1, oob_score=False, random_state=2022, verbose=0,
                       warm_start=False)
2022-09-29 10:11:19,536:INFO:create_model() succesfully completed......................................
2022-09-29 10:11:19,630:INFO:SubProcess create_model() end ==================================
2022-09-29 10:11:19,632:INFO:Creating metrics dataframe
2022-09-29 10:11:19,645:INFO:Initializing Quadratic Discriminant Analysis
2022-09-29 10:11:19,645:INFO:Total runtime is 0.25280465284983317 minutes
2022-09-29 10:11:19,657:INFO:SubProcess create_model() called ==================================
2022-09-29 10:11:19,658:INFO:Initializing create_model()
2022-09-29 10:11:19,659:INFO:create_model(estimator=qda, fold=StratifiedKFold(n_splits=10, random_state=None, shuffle=False), round=4, cross_validation=True, predict=True, fit_kwargs={}, groups=None, refit=False, verbose=False, system=False, metrics=None, experiment_custom_tags=None, add_to_model_list=True, probability_threshold=None, display=<pycaret.internal.Display.Display object at 0x000001CBCFABCB80>, return_train_score=False, kwargs={})
2022-09-29 10:11:19,660:INFO:Checking exceptions
2022-09-29 10:11:19,660:INFO:Importing libraries
2022-09-29 10:11:19,661:INFO:Copying training dataset
2022-09-29 10:11:19,662:INFO:Defining folds
2022-09-29 10:11:19,665:INFO:Declaring metric variables
2022-09-29 10:11:19,685:INFO:Importing untrained model
2022-09-29 10:11:19,703:INFO:Quadratic Discriminant Analysis Imported succesfully
2022-09-29 10:11:19,733:INFO:Starting cross validation
2022-09-29 10:11:19,734:INFO:Cross validating with StratifiedKFold(n_splits=10, random_state=None, shuffle=False), n_jobs=-1
2022-09-29 10:11:19,866:INFO:Calculating mean and std
2022-09-29 10:11:19,868:INFO:Creating metrics dataframe
2022-09-29 10:11:19,874:INFO:Uploading results into container
2022-09-29 10:11:19,875:INFO:Uploading model into container now
2022-09-29 10:11:19,875:INFO:create_model_container: 8
2022-09-29 10:11:19,875:INFO:master_model_container: 8
2022-09-29 10:11:19,875:INFO:display_container: 2
2022-09-29 10:11:19,876:INFO:QuadraticDiscriminantAnalysis(priors=None, reg_param=0.0,
                              store_covariance=False, tol=0.0001)
2022-09-29 10:11:19,876:INFO:create_model() succesfully completed......................................
2022-09-29 10:11:19,984:INFO:SubProcess create_model() end ==================================
2022-09-29 10:11:19,984:INFO:Creating metrics dataframe
2022-09-29 10:11:20,002:INFO:Initializing Ada Boost Classifier
2022-09-29 10:11:20,003:INFO:Total runtime is 0.25876991748809813 minutes
2022-09-29 10:11:20,018:INFO:SubProcess create_model() called ==================================
2022-09-29 10:11:20,019:INFO:Initializing create_model()
2022-09-29 10:11:20,019:INFO:create_model(estimator=ada, fold=StratifiedKFold(n_splits=10, random_state=None, shuffle=False), round=4, cross_validation=True, predict=True, fit_kwargs={}, groups=None, refit=False, verbose=False, system=False, metrics=None, experiment_custom_tags=None, add_to_model_list=True, probability_threshold=None, display=<pycaret.internal.Display.Display object at 0x000001CBCFABCB80>, return_train_score=False, kwargs={})
2022-09-29 10:11:20,019:INFO:Checking exceptions
2022-09-29 10:11:20,020:INFO:Importing libraries
2022-09-29 10:11:20,020:INFO:Copying training dataset
2022-09-29 10:11:20,022:INFO:Defining folds
2022-09-29 10:11:20,023:INFO:Declaring metric variables
2022-09-29 10:11:20,041:INFO:Importing untrained model
2022-09-29 10:11:20,062:INFO:Ada Boost Classifier Imported succesfully
2022-09-29 10:11:20,095:INFO:Starting cross validation
2022-09-29 10:11:20,097:INFO:Cross validating with StratifiedKFold(n_splits=10, random_state=None, shuffle=False), n_jobs=-1
2022-09-29 10:11:20,655:INFO:Calculating mean and std
2022-09-29 10:11:20,656:INFO:Creating metrics dataframe
2022-09-29 10:11:20,662:INFO:Uploading results into container
2022-09-29 10:11:20,664:INFO:Uploading model into container now
2022-09-29 10:11:20,664:INFO:create_model_container: 9
2022-09-29 10:11:20,665:INFO:master_model_container: 9
2022-09-29 10:11:20,665:INFO:display_container: 2
2022-09-29 10:11:20,667:INFO:AdaBoostClassifier(algorithm='SAMME.R', base_estimator=None, learning_rate=1.0,
                   n_estimators=50, random_state=2022)
2022-09-29 10:11:20,668:INFO:create_model() succesfully completed......................................
2022-09-29 10:11:20,764:INFO:SubProcess create_model() end ==================================
2022-09-29 10:11:20,764:INFO:Creating metrics dataframe
2022-09-29 10:11:20,782:INFO:Initializing Gradient Boosting Classifier
2022-09-29 10:11:20,783:INFO:Total runtime is 0.2717737793922424 minutes
2022-09-29 10:11:20,800:INFO:SubProcess create_model() called ==================================
2022-09-29 10:11:20,803:INFO:Initializing create_model()
2022-09-29 10:11:20,809:INFO:create_model(estimator=gbc, fold=StratifiedKFold(n_splits=10, random_state=None, shuffle=False), round=4, cross_validation=True, predict=True, fit_kwargs={}, groups=None, refit=False, verbose=False, system=False, metrics=None, experiment_custom_tags=None, add_to_model_list=True, probability_threshold=None, display=<pycaret.internal.Display.Display object at 0x000001CBCFABCB80>, return_train_score=False, kwargs={})
2022-09-29 10:11:20,809:INFO:Checking exceptions
2022-09-29 10:11:20,810:INFO:Importing libraries
2022-09-29 10:11:20,810:INFO:Copying training dataset
2022-09-29 10:11:20,811:INFO:Defining folds
2022-09-29 10:11:20,815:INFO:Declaring metric variables
2022-09-29 10:11:20,834:INFO:Importing untrained model
2022-09-29 10:11:20,861:INFO:Gradient Boosting Classifier Imported succesfully
2022-09-29 10:11:20,906:INFO:Starting cross validation
2022-09-29 10:11:20,907:INFO:Cross validating with StratifiedKFold(n_splits=10, random_state=None, shuffle=False), n_jobs=-1
2022-09-29 10:11:21,398:INFO:Calculating mean and std
2022-09-29 10:11:21,401:INFO:Creating metrics dataframe
2022-09-29 10:11:21,406:INFO:Uploading results into container
2022-09-29 10:11:21,406:INFO:Uploading model into container now
2022-09-29 10:11:21,406:INFO:create_model_container: 10
2022-09-29 10:11:21,406:INFO:master_model_container: 10
2022-09-29 10:11:21,407:INFO:display_container: 2
2022-09-29 10:11:21,408:INFO:GradientBoostingClassifier(ccp_alpha=0.0, criterion='friedman_mse', init=None,
                           learning_rate=0.1, loss='deviance', max_depth=3,
                           max_features=None, max_leaf_nodes=None,
                           min_impurity_decrease=0.0, min_impurity_split=None,
                           min_samples_leaf=1, min_samples_split=2,
                           min_weight_fraction_leaf=0.0, n_estimators=100,
                           n_iter_no_change=None, presort='deprecated',
                           random_state=2022, subsample=1.0, tol=0.0001,
                           validation_fraction=0.1, verbose=0,
                           warm_start=False)
2022-09-29 10:11:21,409:INFO:create_model() succesfully completed......................................
2022-09-29 10:11:21,511:INFO:SubProcess create_model() end ==================================
2022-09-29 10:11:21,511:INFO:Creating metrics dataframe
2022-09-29 10:11:21,527:INFO:Initializing Linear Discriminant Analysis
2022-09-29 10:11:21,527:INFO:Total runtime is 0.28417157332102455 minutes
2022-09-29 10:11:21,538:INFO:SubProcess create_model() called ==================================
2022-09-29 10:11:21,541:INFO:Initializing create_model()
2022-09-29 10:11:21,541:INFO:create_model(estimator=lda, fold=StratifiedKFold(n_splits=10, random_state=None, shuffle=False), round=4, cross_validation=True, predict=True, fit_kwargs={}, groups=None, refit=False, verbose=False, system=False, metrics=None, experiment_custom_tags=None, add_to_model_list=True, probability_threshold=None, display=<pycaret.internal.Display.Display object at 0x000001CBCFABCB80>, return_train_score=False, kwargs={})
2022-09-29 10:11:21,541:INFO:Checking exceptions
2022-09-29 10:11:21,542:INFO:Importing libraries
2022-09-29 10:11:21,542:INFO:Copying training dataset
2022-09-29 10:11:21,544:INFO:Defining folds
2022-09-29 10:11:21,544:INFO:Declaring metric variables
2022-09-29 10:11:21,559:INFO:Importing untrained model
2022-09-29 10:11:21,575:INFO:Linear Discriminant Analysis Imported succesfully
2022-09-29 10:11:21,611:INFO:Starting cross validation
2022-09-29 10:11:21,612:INFO:Cross validating with StratifiedKFold(n_splits=10, random_state=None, shuffle=False), n_jobs=-1
2022-09-29 10:11:21,716:INFO:Calculating mean and std
2022-09-29 10:11:21,717:INFO:Creating metrics dataframe
2022-09-29 10:11:21,726:INFO:Uploading results into container
2022-09-29 10:11:21,727:INFO:Uploading model into container now
2022-09-29 10:11:21,727:INFO:create_model_container: 11
2022-09-29 10:11:21,727:INFO:master_model_container: 11
2022-09-29 10:11:21,728:INFO:display_container: 2
2022-09-29 10:11:21,729:INFO:LinearDiscriminantAnalysis(n_components=None, priors=None, shrinkage=None,
                           solver='svd', store_covariance=False, tol=0.0001)
2022-09-29 10:11:21,730:INFO:create_model() succesfully completed......................................
2022-09-29 10:11:21,841:INFO:SubProcess create_model() end ==================================
2022-09-29 10:11:21,841:INFO:Creating metrics dataframe
2022-09-29 10:11:21,860:INFO:Initializing Extra Trees Classifier
2022-09-29 10:11:21,861:INFO:Total runtime is 0.2897456089655558 minutes
2022-09-29 10:11:21,874:INFO:SubProcess create_model() called ==================================
2022-09-29 10:11:21,875:INFO:Initializing create_model()
2022-09-29 10:11:21,876:INFO:create_model(estimator=et, fold=StratifiedKFold(n_splits=10, random_state=None, shuffle=False), round=4, cross_validation=True, predict=True, fit_kwargs={}, groups=None, refit=False, verbose=False, system=False, metrics=None, experiment_custom_tags=None, add_to_model_list=True, probability_threshold=None, display=<pycaret.internal.Display.Display object at 0x000001CBCFABCB80>, return_train_score=False, kwargs={})
2022-09-29 10:11:21,876:INFO:Checking exceptions
2022-09-29 10:11:21,876:INFO:Importing libraries
2022-09-29 10:11:21,878:INFO:Copying training dataset
2022-09-29 10:11:21,880:INFO:Defining folds
2022-09-29 10:11:21,882:INFO:Declaring metric variables
2022-09-29 10:11:21,899:INFO:Importing untrained model
2022-09-29 10:11:21,916:INFO:Extra Trees Classifier Imported succesfully
2022-09-29 10:11:21,941:INFO:Starting cross validation
2022-09-29 10:11:21,942:INFO:Cross validating with StratifiedKFold(n_splits=10, random_state=None, shuffle=False), n_jobs=-1
2022-09-29 10:11:23,176:INFO:Calculating mean and std
2022-09-29 10:11:23,177:INFO:Creating metrics dataframe
2022-09-29 10:11:23,187:INFO:Uploading results into container
2022-09-29 10:11:23,187:INFO:Uploading model into container now
2022-09-29 10:11:23,188:INFO:create_model_container: 12
2022-09-29 10:11:23,188:INFO:master_model_container: 12
2022-09-29 10:11:23,188:INFO:display_container: 2
2022-09-29 10:11:23,190:INFO:ExtraTreesClassifier(bootstrap=False, ccp_alpha=0.0, class_weight=None,
                     criterion='gini', max_depth=None, max_features='auto',
                     max_leaf_nodes=None, max_samples=None,
                     min_impurity_decrease=0.0, min_impurity_split=None,
                     min_samples_leaf=1, min_samples_split=2,
                     min_weight_fraction_leaf=0.0, n_estimators=100, n_jobs=-1,
                     oob_score=False, random_state=2022, verbose=0,
                     warm_start=False)
2022-09-29 10:11:23,190:INFO:create_model() succesfully completed......................................
2022-09-29 10:11:23,297:INFO:SubProcess create_model() end ==================================
2022-09-29 10:11:23,299:INFO:Creating metrics dataframe
2022-09-29 10:11:23,313:INFO:Initializing Extreme Gradient Boosting
2022-09-29 10:11:23,314:INFO:Total runtime is 0.3139625946680704 minutes
2022-09-29 10:11:23,326:INFO:SubProcess create_model() called ==================================
2022-09-29 10:11:23,327:INFO:Initializing create_model()
2022-09-29 10:11:23,327:INFO:create_model(estimator=xgboost, fold=StratifiedKFold(n_splits=10, random_state=None, shuffle=False), round=4, cross_validation=True, predict=True, fit_kwargs={}, groups=None, refit=False, verbose=False, system=False, metrics=None, experiment_custom_tags=None, add_to_model_list=True, probability_threshold=None, display=<pycaret.internal.Display.Display object at 0x000001CBCFABCB80>, return_train_score=False, kwargs={})
2022-09-29 10:11:23,327:INFO:Checking exceptions
2022-09-29 10:11:23,328:INFO:Importing libraries
2022-09-29 10:11:23,328:INFO:Copying training dataset
2022-09-29 10:11:23,329:INFO:Defining folds
2022-09-29 10:11:23,332:INFO:Declaring metric variables
2022-09-29 10:11:23,351:INFO:Importing untrained model
2022-09-29 10:11:23,371:INFO:Extreme Gradient Boosting Imported succesfully
2022-09-29 10:11:23,406:INFO:Starting cross validation
2022-09-29 10:11:23,413:INFO:Cross validating with StratifiedKFold(n_splits=10, random_state=None, shuffle=False), n_jobs=-1
2022-09-29 10:11:24,286:INFO:Calculating mean and std
2022-09-29 10:11:24,287:INFO:Creating metrics dataframe
2022-09-29 10:11:24,294:INFO:Uploading results into container
2022-09-29 10:11:24,294:INFO:Uploading model into container now
2022-09-29 10:11:24,295:INFO:create_model_container: 13
2022-09-29 10:11:24,300:INFO:master_model_container: 13
2022-09-29 10:11:24,300:INFO:display_container: 2
2022-09-29 10:11:24,302:INFO:XGBClassifier(base_score=None, booster='gbtree', callbacks=None,
              colsample_bylevel=None, colsample_bynode=None,
              colsample_bytree=None, early_stopping_rounds=None,
              enable_categorical=False, eval_metric=None, gamma=None,
              gpu_id=None, grow_policy=None, importance_type=None,
              interaction_constraints=None, learning_rate=None, max_bin=None,
              max_cat_to_onehot=None, max_delta_step=None, max_depth=None,
              max_leaves=None, min_child_weight=None, missing=nan,
              monotone_constraints=None, n_estimators=100, n_jobs=-1,
              num_parallel_tree=None, objective='binary:logistic',
              predictor=None, random_state=2022, reg_alpha=None, ...)
2022-09-29 10:11:24,302:INFO:create_model() succesfully completed......................................
2022-09-29 10:11:24,392:INFO:SubProcess create_model() end ==================================
2022-09-29 10:11:24,393:INFO:Creating metrics dataframe
2022-09-29 10:11:24,409:INFO:Initializing Light Gradient Boosting Machine
2022-09-29 10:11:24,409:INFO:Total runtime is 0.332211677233378 minutes
2022-09-29 10:11:24,425:INFO:SubProcess create_model() called ==================================
2022-09-29 10:11:24,427:INFO:Initializing create_model()
2022-09-29 10:11:24,427:INFO:create_model(estimator=lightgbm, fold=StratifiedKFold(n_splits=10, random_state=None, shuffle=False), round=4, cross_validation=True, predict=True, fit_kwargs={}, groups=None, refit=False, verbose=False, system=False, metrics=None, experiment_custom_tags=None, add_to_model_list=True, probability_threshold=None, display=<pycaret.internal.Display.Display object at 0x000001CBCFABCB80>, return_train_score=False, kwargs={})
2022-09-29 10:11:24,427:INFO:Checking exceptions
2022-09-29 10:11:24,429:INFO:Importing libraries
2022-09-29 10:11:24,432:INFO:Copying training dataset
2022-09-29 10:11:24,433:INFO:Defining folds
2022-09-29 10:11:24,434:INFO:Declaring metric variables
2022-09-29 10:11:24,455:INFO:Importing untrained model
2022-09-29 10:11:24,475:INFO:Light Gradient Boosting Machine Imported succesfully
2022-09-29 10:11:24,505:INFO:Starting cross validation
2022-09-29 10:11:24,509:INFO:Cross validating with StratifiedKFold(n_splits=10, random_state=None, shuffle=False), n_jobs=-1
2022-09-29 10:11:24,743:INFO:Calculating mean and std
2022-09-29 10:11:24,744:INFO:Creating metrics dataframe
2022-09-29 10:11:24,753:INFO:Uploading results into container
2022-09-29 10:11:24,754:INFO:Uploading model into container now
2022-09-29 10:11:24,754:INFO:create_model_container: 14
2022-09-29 10:11:24,754:INFO:master_model_container: 14
2022-09-29 10:11:24,754:INFO:display_container: 2
2022-09-29 10:11:24,755:INFO:LGBMClassifier(boosting_type='gbdt', class_weight=None, colsample_bytree=1.0,
               importance_type='split', learning_rate=0.1, max_depth=-1,
               min_child_samples=20, min_child_weight=0.001, min_split_gain=0.0,
               n_estimators=100, n_jobs=-1, num_leaves=31, objective=None,
               random_state=2022, reg_alpha=0.0, reg_lambda=0.0, silent='warn',
               subsample=1.0, subsample_for_bin=200000, subsample_freq=0)
2022-09-29 10:11:24,756:INFO:create_model() succesfully completed......................................
2022-09-29 10:11:24,851:INFO:SubProcess create_model() end ==================================
2022-09-29 10:11:24,852:INFO:Creating metrics dataframe
2022-09-29 10:11:24,867:INFO:Initializing Dummy Classifier
2022-09-29 10:11:24,867:INFO:Total runtime is 0.3398404161135355 minutes
2022-09-29 10:11:24,878:INFO:SubProcess create_model() called ==================================
2022-09-29 10:11:24,882:INFO:Initializing create_model()
2022-09-29 10:11:24,882:INFO:create_model(estimator=dummy, fold=StratifiedKFold(n_splits=10, random_state=None, shuffle=False), round=4, cross_validation=True, predict=True, fit_kwargs={}, groups=None, refit=False, verbose=False, system=False, metrics=None, experiment_custom_tags=None, add_to_model_list=True, probability_threshold=None, display=<pycaret.internal.Display.Display object at 0x000001CBCFABCB80>, return_train_score=False, kwargs={})
2022-09-29 10:11:24,883:INFO:Checking exceptions
2022-09-29 10:11:24,884:INFO:Importing libraries
2022-09-29 10:11:24,884:INFO:Copying training dataset
2022-09-29 10:11:24,885:INFO:Defining folds
2022-09-29 10:11:24,886:INFO:Declaring metric variables
2022-09-29 10:11:24,896:INFO:Importing untrained model
2022-09-29 10:11:24,917:INFO:Dummy Classifier Imported succesfully
2022-09-29 10:11:24,953:INFO:Starting cross validation
2022-09-29 10:11:24,954:INFO:Cross validating with StratifiedKFold(n_splits=10, random_state=None, shuffle=False), n_jobs=-1
2022-09-29 10:11:25,072:INFO:Calculating mean and std
2022-09-29 10:11:25,084:INFO:Creating metrics dataframe
2022-09-29 10:11:25,093:INFO:Uploading results into container
2022-09-29 10:11:25,103:INFO:Uploading model into container now
2022-09-29 10:11:25,103:INFO:create_model_container: 15
2022-09-29 10:11:25,105:INFO:master_model_container: 15
2022-09-29 10:11:25,105:INFO:display_container: 2
2022-09-29 10:11:25,106:INFO:DummyClassifier(constant=None, random_state=2022, strategy='prior')
2022-09-29 10:11:25,106:INFO:create_model() succesfully completed......................................
2022-09-29 10:11:25,232:INFO:SubProcess create_model() end ==================================
2022-09-29 10:11:25,232:INFO:Creating metrics dataframe
2022-09-29 10:11:25,292:INFO:Initializing create_model()
2022-09-29 10:11:25,293:INFO:create_model(estimator=ExtraTreesClassifier(bootstrap=False, ccp_alpha=0.0, class_weight=None,
                     criterion='gini', max_depth=None, max_features='auto',
                     max_leaf_nodes=None, max_samples=None,
                     min_impurity_decrease=0.0, min_impurity_split=None,
                     min_samples_leaf=1, min_samples_split=2,
                     min_weight_fraction_leaf=0.0, n_estimators=100, n_jobs=-1,
                     oob_score=False, random_state=2022, verbose=0,
                     warm_start=False), fold=StratifiedKFold(n_splits=10, random_state=None, shuffle=False), round=4, cross_validation=False, predict=False, fit_kwargs={}, groups=None, refit=True, verbose=False, system=False, metrics=None, experiment_custom_tags=None, add_to_model_list=True, probability_threshold=None, display=None, return_train_score=False, kwargs={})
2022-09-29 10:11:25,294:INFO:Checking exceptions
2022-09-29 10:11:25,294:INFO:Importing libraries
2022-09-29 10:11:25,296:INFO:Copying training dataset
2022-09-29 10:11:25,297:INFO:Defining folds
2022-09-29 10:11:25,299:INFO:Declaring metric variables
2022-09-29 10:11:25,299:INFO:Importing untrained model
2022-09-29 10:11:25,299:INFO:Declaring custom model
2022-09-29 10:11:25,301:INFO:Extra Trees Classifier Imported succesfully
2022-09-29 10:11:25,303:INFO:Cross validation set to False
2022-09-29 10:11:25,305:INFO:Fitting Model
2022-09-29 10:11:25,525:INFO:ExtraTreesClassifier(bootstrap=False, ccp_alpha=0.0, class_weight=None,
                     criterion='gini', max_depth=None, max_features='auto',
                     max_leaf_nodes=None, max_samples=None,
                     min_impurity_decrease=0.0, min_impurity_split=None,
                     min_samples_leaf=1, min_samples_split=2,
                     min_weight_fraction_leaf=0.0, n_estimators=100, n_jobs=-1,
                     oob_score=False, random_state=2022, verbose=0,
                     warm_start=False)
2022-09-29 10:11:25,525:INFO:create_models() succesfully completed......................................
2022-09-29 10:11:25,717:INFO:create_model_container: 15
2022-09-29 10:11:25,718:INFO:master_model_container: 15
2022-09-29 10:11:25,718:INFO:display_container: 2
2022-09-29 10:11:25,719:INFO:ExtraTreesClassifier(bootstrap=False, ccp_alpha=0.0, class_weight=None,
                     criterion='gini', max_depth=None, max_features='auto',
                     max_leaf_nodes=None, max_samples=None,
                     min_impurity_decrease=0.0, min_impurity_split=None,
                     min_samples_leaf=1, min_samples_split=2,
                     min_weight_fraction_leaf=0.0, n_estimators=100, n_jobs=-1,
                     oob_score=False, random_state=2022, verbose=0,
                     warm_start=False)
2022-09-29 10:11:25,720:INFO:compare_models() succesfully completed......................................
2022-09-29 10:11:25,788:INFO:Initializing create_model()
2022-09-29 10:11:25,790:INFO:create_model(estimator=rf, fold=None, round=4, cross_validation=True, predict=True, fit_kwargs=None, groups=None, refit=True, verbose=True, system=True, metrics=None, experiment_custom_tags=None, add_to_model_list=True, probability_threshold=None, display=None, return_train_score=False, kwargs={})
2022-09-29 10:11:25,791:INFO:Checking exceptions
2022-09-29 10:11:25,791:INFO:Preparing display monitor
2022-09-29 10:11:25,822:INFO:Importing libraries
2022-09-29 10:11:25,823:INFO:Copying training dataset
2022-09-29 10:11:25,824:INFO:Defining folds
2022-09-29 10:11:25,826:INFO:Declaring metric variables
2022-09-29 10:11:25,837:INFO:Importing untrained model
2022-09-29 10:11:25,853:INFO:Random Forest Classifier Imported succesfully
2022-09-29 10:11:25,881:INFO:Starting cross validation
2022-09-29 10:11:25,884:INFO:Cross validating with StratifiedKFold(n_splits=10, random_state=None, shuffle=False), n_jobs=-1
2022-09-29 10:11:27,296:INFO:Calculating mean and std
2022-09-29 10:11:27,298:INFO:Creating metrics dataframe
2022-09-29 10:11:27,314:INFO:Finalizing model
2022-09-29 10:11:27,553:INFO:Uploading results into container
2022-09-29 10:11:27,554:INFO:Uploading model into container now
2022-09-29 10:11:27,565:INFO:create_model_container: 16
2022-09-29 10:11:27,565:INFO:master_model_container: 16
2022-09-29 10:11:27,566:INFO:display_container: 3
2022-09-29 10:11:27,567:INFO:RandomForestClassifier(bootstrap=True, ccp_alpha=0.0, class_weight=None,
                       criterion='gini', max_depth=None, max_features='auto',
                       max_leaf_nodes=None, max_samples=None,
                       min_impurity_decrease=0.0, min_impurity_split=None,
                       min_samples_leaf=1, min_samples_split=2,
                       min_weight_fraction_leaf=0.0, n_estimators=100,
                       n_jobs=-1, oob_score=False, random_state=2022, verbose=0,
                       warm_start=False)
2022-09-29 10:11:27,567:INFO:create_model() succesfully completed......................................
2022-09-29 10:11:27,709:INFO:Initializing interpret_model()
2022-09-29 10:11:27,709:INFO:interpret_model(estimator=RandomForestClassifier(bootstrap=True, ccp_alpha=0.0, class_weight=None,
                       criterion='gini', max_depth=None, max_features='auto',
                       max_leaf_nodes=None, max_samples=None,
                       min_impurity_decrease=0.0, min_impurity_split=None,
                       min_samples_leaf=1, min_samples_split=2,
                       min_weight_fraction_leaf=0.0, n_estimators=100,
                       n_jobs=-1, oob_score=False, random_state=2022, verbose=0,
                       warm_start=False), use_train_data=False, X_new_sample=None, y_new_sample=None, feature=None, kwargs={}, observation=None, plot=summary, save=False)
2022-09-29 10:11:27,711:INFO:Checking exceptions
2022-09-29 10:11:27,942:INFO:plot type: summary
2022-09-29 10:11:27,943:INFO:Creating TreeExplainer
2022-09-29 10:11:27,949:INFO:Compiling shap values
2022-09-29 10:11:28,955:INFO:Visual Rendered Successfully
2022-09-29 10:11:28,956:INFO:interpret_model() succesfully completed......................................
2022-09-29 10:11:29,112:INFO:Initializing tune_model()
2022-09-29 10:11:29,114:INFO:tune_model(estimator=RandomForestClassifier(bootstrap=True, ccp_alpha=0.0, class_weight=None,
                       criterion='gini', max_depth=None, max_features='auto',
                       max_leaf_nodes=None, max_samples=None,
                       min_impurity_decrease=0.0, min_impurity_split=None,
                       min_samples_leaf=1, min_samples_split=2,
                       min_weight_fraction_leaf=0.0, n_estimators=100,
                       n_jobs=-1, oob_score=False, random_state=2022, verbose=0,
                       warm_start=False), fold=None, round=4, n_iter=10, custom_grid=None, optimize=Accuracy, custom_scorer=None, search_library=scikit-learn, search_algorithm=None, early_stopping=False, early_stopping_max_iters=10, choose_better=False, fit_kwargs=None, groups=None, return_tuner=False, verbose=True, tuner_verbose=True, display=None, return_train_score=False, kwargs={})
2022-09-29 10:11:29,115:INFO:Checking exceptions
2022-09-29 10:11:29,117:INFO:Preparing display monitor
2022-09-29 10:11:29,147:INFO:Copying training dataset
2022-09-29 10:11:29,150:INFO:Checking base model
2022-09-29 10:11:29,151:INFO:Base model : Random Forest Classifier
2022-09-29 10:11:29,167:INFO:Declaring metric variables
2022-09-29 10:11:29,183:INFO:Defining Hyperparameters
2022-09-29 10:11:29,309:INFO:Tuning with n_jobs=-1
2022-09-29 10:11:29,309:INFO:Initializing RandomizedSearchCV
2022-09-29 10:11:42,676:INFO:best_params: {'actual_estimator__n_estimators': 230, 'actual_estimator__min_samples_split': 2, 'actual_estimator__min_samples_leaf': 3, 'actual_estimator__min_impurity_decrease': 0.002, 'actual_estimator__max_features': 'sqrt', 'actual_estimator__max_depth': 5, 'actual_estimator__criterion': 'gini', 'actual_estimator__class_weight': {}, 'actual_estimator__bootstrap': False}
2022-09-29 10:11:42,677:INFO:Hyperparameter search completed
2022-09-29 10:11:42,677:INFO:SubProcess create_model() called ==================================
2022-09-29 10:11:42,679:INFO:Initializing create_model()
2022-09-29 10:11:42,682:INFO:create_model(estimator=RandomForestClassifier(bootstrap=True, ccp_alpha=0.0, class_weight=None,
                       criterion='gini', max_depth=None, max_features='auto',
                       max_leaf_nodes=None, max_samples=None,
                       min_impurity_decrease=0.0, min_impurity_split=None,
                       min_samples_leaf=1, min_samples_split=2,
                       min_weight_fraction_leaf=0.0, n_estimators=100,
                       n_jobs=-1, oob_score=False, random_state=2022, verbose=0,
                       warm_start=False), fold=StratifiedKFold(n_splits=10, random_state=None, shuffle=False), round=4, cross_validation=True, predict=True, fit_kwargs={}, groups=None, refit=True, verbose=True, system=False, metrics=None, experiment_custom_tags=None, add_to_model_list=True, probability_threshold=None, display=<pycaret.internal.Display.Display object at 0x000001CBC34B15B0>, return_train_score=False, kwargs={'n_estimators': 230, 'min_samples_split': 2, 'min_samples_leaf': 3, 'min_impurity_decrease': 0.002, 'max_features': 'sqrt', 'max_depth': 5, 'criterion': 'gini', 'class_weight': {}, 'bootstrap': False})
2022-09-29 10:11:42,682:INFO:Checking exceptions
2022-09-29 10:11:42,682:INFO:Importing libraries
2022-09-29 10:11:42,684:INFO:Copying training dataset
2022-09-29 10:11:42,686:INFO:Defining folds
2022-09-29 10:11:42,686:INFO:Declaring metric variables
2022-09-29 10:11:42,703:INFO:Importing untrained model
2022-09-29 10:11:42,704:INFO:Declaring custom model
2022-09-29 10:11:42,721:INFO:Random Forest Classifier Imported succesfully
2022-09-29 10:11:42,763:INFO:Starting cross validation
2022-09-29 10:11:42,766:INFO:Cross validating with StratifiedKFold(n_splits=10, random_state=None, shuffle=False), n_jobs=-1
2022-09-29 10:11:46,063:INFO:Calculating mean and std
2022-09-29 10:11:46,066:INFO:Creating metrics dataframe
2022-09-29 10:11:46,090:INFO:Finalizing model
2022-09-29 10:11:46,525:INFO:Uploading results into container
2022-09-29 10:11:46,526:INFO:Uploading model into container now
2022-09-29 10:11:46,526:INFO:create_model_container: 17
2022-09-29 10:11:46,526:INFO:master_model_container: 17
2022-09-29 10:11:46,526:INFO:display_container: 4
2022-09-29 10:11:46,528:INFO:RandomForestClassifier(bootstrap=False, ccp_alpha=0.0, class_weight={},
                       criterion='gini', max_depth=5, max_features='sqrt',
                       max_leaf_nodes=None, max_samples=None,
                       min_impurity_decrease=0.002, min_impurity_split=None,
                       min_samples_leaf=3, min_samples_split=2,
                       min_weight_fraction_leaf=0.0, n_estimators=230,
                       n_jobs=-1, oob_score=False, random_state=2022, verbose=0,
                       warm_start=False)
2022-09-29 10:11:46,529:INFO:create_model() succesfully completed......................................
2022-09-29 10:11:46,624:INFO:SubProcess create_model() end ==================================
2022-09-29 10:11:46,635:INFO:create_model_container: 17
2022-09-29 10:11:46,635:INFO:master_model_container: 17
2022-09-29 10:11:46,636:INFO:display_container: 4
2022-09-29 10:11:46,637:INFO:RandomForestClassifier(bootstrap=False, ccp_alpha=0.0, class_weight={},
                       criterion='gini', max_depth=5, max_features='sqrt',
                       max_leaf_nodes=None, max_samples=None,
                       min_impurity_decrease=0.002, min_impurity_split=None,
                       min_samples_leaf=3, min_samples_split=2,
                       min_weight_fraction_leaf=0.0, n_estimators=230,
                       n_jobs=-1, oob_score=False, random_state=2022, verbose=0,
                       warm_start=False)
2022-09-29 10:11:46,637:INFO:tune_model() succesfully completed......................................
2022-09-29 10:11:46,891:INFO:Initializing plot_model()
2022-09-29 10:11:46,892:INFO:plot_model(fold=None, use_train_data=False, verbose=True, is_in_evaluate=False, display=None, display_format=None, estimator=RandomForestClassifier(bootstrap=False, ccp_alpha=0.0, class_weight={},
                       criterion='gini', max_depth=5, max_features='sqrt',
                       max_leaf_nodes=None, max_samples=None,
                       min_impurity_decrease=0.002, min_impurity_split=None,
                       min_samples_leaf=3, min_samples_split=2,
                       min_weight_fraction_leaf=0.0, n_estimators=230,
                       n_jobs=-1, oob_score=False, random_state=2022, verbose=0,
                       warm_start=False), feature_name=None, fit_kwargs=None, groups=None, label=False, plot=auc, plot_kwargs=None, save=False, scale=1, system=True)
2022-09-29 10:11:46,893:INFO:Checking exceptions
2022-09-29 10:11:46,956:INFO:Preparing display monitor
2022-09-29 10:11:46,968:INFO:Preloading libraries
2022-09-29 10:11:47,005:INFO:Copying training dataset
2022-09-29 10:11:47,007:INFO:Copying test dataset
2022-09-29 10:11:47,011:INFO:Plot type: auc
2022-09-29 10:11:47,101:INFO:Initializing get_config()
2022-09-29 10:11:47,101:INFO:get_config(variable=prep_pipe)
2022-09-29 10:11:47,108:INFO:Global variable: prep_pipe returned as Pipeline(memory=None,
         steps=[('dtypes',
                 DataTypes_Auto_infer(categorical_features=[],
                                      display_types=True, features_todrop=[],
                                      id_columns=[],
                                      ml_usecase='classification',
                                      numerical_features=[], target='Survived',
                                      time_features=[])),
                ('imputer',
                 Simple_Imputer(categorical_strategy='not_available',
                                fill_value_categorical=None,
                                fill_value_numerical=None,
                                numeric_str...
                ('dummy', Dummify(target='Survived')),
                ('fix_perfect', Remove_100(target='Survived')),
                ('clean_names', Clean_Colum_Names()),
                ('feature_select', 'passthrough'),
                ('fix_multi',
                 Fix_multicollinearity(correlation_with_target_preference=None,
                                       correlation_with_target_threshold=0.0,
                                       target_variable='Survived',
                                       threshold=0.9)),
                ('dfs', 'passthrough'), ('pca', 'passthrough')],
         verbose=False)
2022-09-29 10:11:47,108:INFO:get_config() succesfully completed......................................
2022-09-29 10:11:47,121:INFO:Fitting Model
2022-09-29 10:11:47,125:INFO:Scoring test/hold-out set
2022-09-29 10:11:47,423:INFO:Visual Rendered Successfully
2022-09-29 10:11:47,535:INFO:plot_model() succesfully completed......................................
2022-09-29 10:11:47,596:INFO:Initializing plot_model()
2022-09-29 10:11:47,597:INFO:plot_model(fold=None, use_train_data=False, verbose=True, is_in_evaluate=False, display=None, display_format=None, estimator=RandomForestClassifier(bootstrap=False, ccp_alpha=0.0, class_weight={},
                       criterion='gini', max_depth=5, max_features='sqrt',
                       max_leaf_nodes=None, max_samples=None,
                       min_impurity_decrease=0.002, min_impurity_split=None,
                       min_samples_leaf=3, min_samples_split=2,
                       min_weight_fraction_leaf=0.0, n_estimators=230,
                       n_jobs=-1, oob_score=False, random_state=2022, verbose=0,
                       warm_start=False), feature_name=None, fit_kwargs=None, groups=None, label=False, plot=confusion_matrix, plot_kwargs=None, save=False, scale=1, system=True)
2022-09-29 10:11:47,599:INFO:Checking exceptions
2022-09-29 10:11:47,632:INFO:Preparing display monitor
2022-09-29 10:11:47,638:INFO:Preloading libraries
2022-09-29 10:11:47,666:INFO:Copying training dataset
2022-09-29 10:11:47,666:INFO:Copying test dataset
2022-09-29 10:11:47,667:INFO:Plot type: confusion_matrix
2022-09-29 10:11:47,739:INFO:Initializing get_config()
2022-09-29 10:11:47,739:INFO:get_config(variable=prep_pipe)
2022-09-29 10:11:47,744:INFO:Global variable: prep_pipe returned as Pipeline(memory=None,
         steps=[('dtypes',
                 DataTypes_Auto_infer(categorical_features=[],
                                      display_types=True, features_todrop=[],
                                      id_columns=[],
                                      ml_usecase='classification',
                                      numerical_features=[], target='Survived',
                                      time_features=[])),
                ('imputer',
                 Simple_Imputer(categorical_strategy='not_available',
                                fill_value_categorical=None,
                                fill_value_numerical=None,
                                numeric_str...
                ('dummy', Dummify(target='Survived')),
                ('fix_perfect', Remove_100(target='Survived')),
                ('clean_names', Clean_Colum_Names()),
                ('feature_select', 'passthrough'),
                ('fix_multi',
                 Fix_multicollinearity(correlation_with_target_preference=None,
                                       correlation_with_target_threshold=0.0,
                                       target_variable='Survived',
                                       threshold=0.9)),
                ('dfs', 'passthrough'), ('pca', 'passthrough')],
         verbose=False)
2022-09-29 10:11:47,744:INFO:get_config() succesfully completed......................................
2022-09-29 10:11:47,757:INFO:Fitting Model
2022-09-29 10:11:47,759:INFO:Scoring test/hold-out set
2022-09-29 10:11:48,019:INFO:Visual Rendered Successfully
2022-09-29 10:11:48,116:INFO:plot_model() succesfully completed......................................
2022-09-29 10:11:48,167:INFO:Initializing plot_model()
2022-09-29 10:11:48,173:INFO:plot_model(fold=None, use_train_data=False, verbose=True, is_in_evaluate=False, display=None, display_format=None, estimator=RandomForestClassifier(bootstrap=False, ccp_alpha=0.0, class_weight={},
                       criterion='gini', max_depth=5, max_features='sqrt',
                       max_leaf_nodes=None, max_samples=None,
                       min_impurity_decrease=0.002, min_impurity_split=None,
                       min_samples_leaf=3, min_samples_split=2,
                       min_weight_fraction_leaf=0.0, n_estimators=230,
                       n_jobs=-1, oob_score=False, random_state=2022, verbose=0,
                       warm_start=False), feature_name=None, fit_kwargs=None, groups=None, label=False, plot=confusion_matrix, plot_kwargs={'percent': True}, save=False, scale=1, system=True)
2022-09-29 10:11:48,174:INFO:Checking exceptions
2022-09-29 10:11:48,228:INFO:Preparing display monitor
2022-09-29 10:11:48,251:INFO:Preloading libraries
2022-09-29 10:11:48,296:INFO:Copying training dataset
2022-09-29 10:11:48,297:INFO:Copying test dataset
2022-09-29 10:11:48,300:INFO:Plot type: confusion_matrix
2022-09-29 10:11:48,365:INFO:Initializing get_config()
2022-09-29 10:11:48,365:INFO:get_config(variable=prep_pipe)
2022-09-29 10:11:48,370:INFO:Global variable: prep_pipe returned as Pipeline(memory=None,
         steps=[('dtypes',
                 DataTypes_Auto_infer(categorical_features=[],
                                      display_types=True, features_todrop=[],
                                      id_columns=[],
                                      ml_usecase='classification',
                                      numerical_features=[], target='Survived',
                                      time_features=[])),
                ('imputer',
                 Simple_Imputer(categorical_strategy='not_available',
                                fill_value_categorical=None,
                                fill_value_numerical=None,
                                numeric_str...
                ('dummy', Dummify(target='Survived')),
                ('fix_perfect', Remove_100(target='Survived')),
                ('clean_names', Clean_Colum_Names()),
                ('feature_select', 'passthrough'),
                ('fix_multi',
                 Fix_multicollinearity(correlation_with_target_preference=None,
                                       correlation_with_target_threshold=0.0,
                                       target_variable='Survived',
                                       threshold=0.9)),
                ('dfs', 'passthrough'), ('pca', 'passthrough')],
         verbose=False)
2022-09-29 10:11:48,371:INFO:get_config() succesfully completed......................................
2022-09-29 10:11:48,387:INFO:Fitting Model
2022-09-29 10:11:48,390:INFO:Scoring test/hold-out set
2022-09-29 10:11:48,679:INFO:Visual Rendered Successfully
2022-09-29 10:11:48,807:INFO:plot_model() succesfully completed......................................
2022-09-29 10:11:48,911:INFO:Initializing evaluate_model()
2022-09-29 10:11:48,914:INFO:evaluate_model(estimator=RandomForestClassifier(bootstrap=False, ccp_alpha=0.0, class_weight={},
                       criterion='gini', max_depth=5, max_features='sqrt',
                       max_leaf_nodes=None, max_samples=None,
                       min_impurity_decrease=0.002, min_impurity_split=None,
                       min_samples_leaf=3, min_samples_split=2,
                       min_weight_fraction_leaf=0.0, n_estimators=230,
                       n_jobs=-1, oob_score=False, random_state=2022, verbose=0,
                       warm_start=False), fold=None, fit_kwargs=None, plot_kwargs=None, feature_name=None, groups=None, use_train_data=False)
2022-09-29 10:11:48,954:INFO:Initializing plot_model()
2022-09-29 10:11:48,954:INFO:plot_model(fold=StratifiedKFold(n_splits=10, random_state=None, shuffle=False), use_train_data=False, verbose=True, is_in_evaluate=True, display=None, display_format=None, estimator=RandomForestClassifier(bootstrap=False, ccp_alpha=0.0, class_weight={},
                       criterion='gini', max_depth=5, max_features='sqrt',
                       max_leaf_nodes=None, max_samples=None,
                       min_impurity_decrease=0.002, min_impurity_split=None,
                       min_samples_leaf=3, min_samples_split=2,
                       min_weight_fraction_leaf=0.0, n_estimators=230,
                       n_jobs=-1, oob_score=False, random_state=2022, verbose=0,
                       warm_start=False), feature_name=None, fit_kwargs={}, groups=None, label=False, plot=parameter, plot_kwargs={}, save=False, scale=1, system=True)
2022-09-29 10:11:48,958:INFO:Checking exceptions
2022-09-29 10:11:48,997:INFO:Preparing display monitor
2022-09-29 10:11:49,007:INFO:Preloading libraries
2022-09-29 10:11:49,039:INFO:Copying training dataset
2022-09-29 10:11:49,039:INFO:Copying test dataset
2022-09-29 10:11:49,039:INFO:Plot type: parameter
2022-09-29 10:11:49,124:INFO:Visual Rendered Successfully
2022-09-29 10:11:49,269:INFO:plot_model() succesfully completed......................................
